# JRE version: Java(TM) SE Runtime Environment 18.9 (11.0.17+10) (build 11.0.17+10-LTS-269)
# Java VM: Java HotSpot(TM) 64-Bit Server VM 18.9 (11.0.17+10-LTS-269, mixed mode, tiered, compressed oops, g1 gc, windows-amd64)
Heap:
 garbage-first heap   total 126976K, used 90288K [0x00000000e0000000, 0x0000000100000000)
  region size 1024K, 29 young (29696K), 4 survivors (4096K)
 Metaspace       used 44039K, capacity 45293K, committed 45440K, reserved 1089536K
  class space    used 4962K, capacity 5430K, committed 5504K, reserved 1048576K
GC Heap History (10 events):
Event: 2463.069 GC heap before
{Heap before GC invocations=49 (full 0):
 garbage-first heap   total 126976K, used 109301K [0x00000000e0000000, 0x0000000100000000)
  region size 1024K, 48 young (49152K), 3 survivors (3072K)
 Metaspace       used 41199K, capacity 42403K, committed 42752K, reserved 1087488K
  class space    used 4594K, capacity 5069K, committed 5120K, reserved 1048576K
}
Event: 2463.081 GC heap after
{Heap after GC invocations=50 (full 0):
 garbage-first heap   total 126976K, used 64297K [0x00000000e0000000, 0x0000000100000000)
  region size 1024K, 3 young (3072K), 3 survivors (3072K)
 Metaspace       used 41199K, capacity 42403K, committed 42752K, reserved 1087488K
  class space    used 4594K, capacity 5069K, committed 5120K, reserved 1048576K
}
Event: 2549.951 GC heap before
{Heap before GC invocations=51 (full 0):
 garbage-first heap   total 126976K, used 110377K [0x00000000e0000000, 0x0000000100000000)
  region size 1024K, 48 young (49152K), 3 survivors (3072K)
 Metaspace       used 41229K, capacity 42404K, committed 42752K, reserved 1087488K
  class space    used 4594K, capacity 5069K, committed 5120K, reserved 1048576K
}
Event: 2549.957 GC heap after
{Heap after GC invocations=52 (full 0):
 garbage-first heap   total 126976K, used 64743K [0x00000000e0000000, 0x0000000100000000)
  region size 1024K, 4 young (4096K), 4 survivors (4096K)
 Metaspace       used 41229K, capacity 42404K, committed 42752K, reserved 1087488K
  class space    used 4594K, capacity 5069K, committed 5120K, reserved 1048576K
}
Event: 2693.665 GC heap before
{Heap before GC invocations=52 (full 0):
 garbage-first heap   total 126976K, used 107751K [0x00000000e0000000, 0x0000000100000000)
  region size 1024K, 46 young (47104K), 4 survivors (4096K)
 Metaspace       used 41301K, capacity 42507K, committed 42752K, reserved 1087488K
  class space    used 4602K, capacity 5077K, committed 5120K, reserved 1048576K
}
Event: 2693.678 GC heap after
{Heap after GC invocations=53 (full 0):
 garbage-first heap   total 126976K, used 65096K [0x00000000e0000000, 0x0000000100000000)
  region size 1024K, 4 young (4096K), 4 survivors (4096K)
 Metaspace       used 41301K, capacity 42507K, committed 42752K, reserved 1087488K
  class space    used 4602K, capacity 5077K, committed 5120K, reserved 1048576K
}
Event: 2805.686 GC heap before
{Heap before GC invocations=54 (full 0):
 garbage-first heap   total 126976K, used 108104K [0x00000000e0000000, 0x0000000100000000)
  region size 1024K, 46 young (47104K), 4 survivors (4096K)
 Metaspace       used 41362K, capacity 42578K, committed 42752K, reserved 1087488K
  class space    used 4603K, capacity 5078K, committed 5120K, reserved 1048576K
}
Event: 2805.692 GC heap after
{Heap after GC invocations=55 (full 0):
 garbage-first heap   total 126976K, used 64969K [0x00000000e0000000, 0x0000000100000000)
  region size 1024K, 3 young (3072K), 3 survivors (3072K)
 Metaspace       used 41362K, capacity 42578K, committed 42752K, reserved 1087488K
  class space    used 4603K, capacity 5078K, committed 5120K, reserved 1048576K
}
Event: 3054.996 GC heap before
{Heap before GC invocations=55 (full 0):
 garbage-first heap   total 126976K, used 110025K [0x00000000e0000000, 0x0000000100000000)
  region size 1024K, 47 young (48128K), 3 survivors (3072K)
 Metaspace       used 41833K, capacity 43026K, committed 43392K, reserved 1087488K
  class space    used 4663K, capacity 5142K, committed 5248K, reserved 1048576K
}
Event: 3055.011 GC heap after
{Heap after GC invocations=56 (full 0):
 garbage-first heap   total 126976K, used 65712K [0x00000000e0000000, 0x0000000100000000)
  region size 1024K, 4 young (4096K), 4 survivors (4096K)
 Metaspace       used 41833K, capacity 43026K, committed 43392K, reserved 1087488K
  class space    used 4663K, capacity 5142K, committed 5248K, reserved 1048576K
}

